<?xml version="1.0" encoding="UTF-8"?>
<coverage generated="1749636952109" clover="3.2.0">
  <project timestamp="1749636952109" name="All files">
    <metrics statements="226" coveredstatements="0" conditionals="119" coveredconditionals="0" methods="107" coveredmethods="0" elements="452" coveredelements="0" complexity="0" loc="226" ncloc="226" packages="4" files="21" classes="21"/>
    <package name="src">
      <metrics statements="12" coveredstatements="0" conditionals="4" coveredconditionals="0" methods="3" coveredmethods="0"/>
      <file name="App.tsx" path="/Users/timhopkin/Documents/Software Development/Surrey Farming Cluster Website /src/App.tsx">
        <metrics statements="1" coveredstatements="0" conditionals="0" coveredconditionals="0" methods="1" coveredmethods="0"/>
        <line num="17" count="0" type="stmt"/>
      </file>
      <file name="index.tsx" path="/Users/timhopkin/Documents/Software Development/Surrey Farming Cluster Website /src/index.tsx">
        <metrics statements="3" coveredstatements="0" conditionals="0" coveredconditionals="0" methods="0" coveredmethods="0"/>
        <line num="7" count="0" type="stmt"/>
        <line num="10" count="0" type="stmt"/>
        <line num="19" count="0" type="stmt"/>
      </file>
      <file name="reportWebVitals.ts" path="/Users/timhopkin/Documents/Software Development/Surrey Farming Cluster Website /src/reportWebVitals.ts">
        <metrics statements="8" coveredstatements="0" conditionals="4" coveredconditionals="0" methods="2" coveredmethods="0"/>
        <line num="3" count="0" type="stmt"/>
        <line num="4" count="0" type="cond" truecount="0" falsecount="4"/>
        <line num="5" count="0" type="stmt"/>
        <line num="6" count="0" type="stmt"/>
        <line num="7" count="0" type="stmt"/>
        <line num="8" count="0" type="stmt"/>
        <line num="9" count="0" type="stmt"/>
        <line num="10" count="0" type="stmt"/>
      </file>
    </package>
    <package name="src.components">
      <metrics statements="42" coveredstatements="0" conditionals="16" coveredconditionals="0" methods="15" coveredmethods="0"/>
      <file name="FarmMap.tsx" path="/Users/timhopkin/Documents/Software Development/Surrey Farming Cluster Website /src/components/FarmMap.tsx">
        <metrics statements="24" coveredstatements="0" conditionals="8" coveredconditionals="0" methods="6" coveredmethods="0"/>
        <line num="11" count="0" type="stmt"/>
        <line num="12" count="0" type="stmt"/>
        <line num="13" count="0" type="stmt"/>
        <line num="15" count="0" type="stmt"/>
        <line num="16" count="0" type="cond" truecount="0" falsecount="2"/>
        <line num="18" count="0" type="stmt"/>
        <line num="19" count="0" type="stmt"/>
        <line num="21" count="0" type="stmt"/>
        <line num="25" count="0" type="stmt"/>
        <line num="45" count="0" type="stmt"/>
        <line num="46" count="0" type="stmt"/>
        <line num="49" count="0" type="stmt"/>
        <line num="64" count="0" type="stmt"/>
        <line num="94" count="0" type="stmt"/>
        <line num="95" count="0" type="cond" truecount="0" falsecount="2"/>
        <line num="96" count="0" type="stmt"/>
        <line num="100" count="0" type="cond" truecount="0" falsecount="2"/>
        <line num="101" count="0" type="stmt"/>
        <line num="102" count="0" type="stmt"/>
        <line num="106" count="0" type="stmt"/>
        <line num="107" count="0" type="cond" truecount="0" falsecount="2"/>
        <line num="108" count="0" type="stmt"/>
        <line num="109" count="0" type="stmt"/>
        <line num="114" count="0" type="stmt"/>
      </file>
      <file name="Footer.tsx" path="/Users/timhopkin/Documents/Software Development/Surrey Farming Cluster Website /src/components/Footer.tsx">
        <metrics statements="2" coveredstatements="0" conditionals="0" coveredconditionals="0" methods="1" coveredmethods="0"/>
        <line num="4" count="0" type="stmt"/>
        <line num="5" count="0" type="stmt"/>
      </file>
      <file name="Header.tsx" path="/Users/timhopkin/Documents/Software Development/Surrey Farming Cluster Website /src/components/Header.tsx">
        <metrics statements="12" coveredstatements="0" conditionals="4" coveredconditionals="0" methods="7" coveredmethods="0"/>
        <line num="5" count="0" type="stmt"/>
        <line num="6" count="0" type="stmt"/>
        <line num="7" count="0" type="stmt"/>
        <line num="9" count="0" type="stmt"/>
        <line num="75" count="0" type="stmt"/>
        <line num="81" count="0" type="stmt"/>
        <line num="97" count="0" type="stmt"/>
        <line num="124" count="0" type="stmt"/>
        <line num="125" count="0" type="stmt"/>
        <line num="144" count="0" type="stmt"/>
        <line num="166" count="0" type="stmt"/>
        <line num="167" count="0" type="stmt"/>
      </file>
      <file name="Logo.tsx" path="/Users/timhopkin/Documents/Software Development/Surrey Farming Cluster Website /src/components/Logo.tsx">
        <metrics statements="4" coveredstatements="0" conditionals="4" coveredconditionals="0" methods="1" coveredmethods="0"/>
        <line num="8" count="0" type="cond" truecount="0" falsecount="2"/>
        <line num="9" count="0" type="cond" truecount="0" falsecount="2"/>
        <line num="11" count="0" type="stmt"/>
        <line num="51" count="0" type="stmt"/>
      </file>
    </package>
    <package name="src.data">
      <metrics statements="7" coveredstatements="0" conditionals="0" coveredconditionals="0" methods="0" coveredmethods="0"/>
      <file name="blogs.ts" path="/Users/timhopkin/Documents/Software Development/Surrey Farming Cluster Website /src/data/blogs.ts">
        <metrics statements="2" coveredstatements="0" conditionals="0" coveredconditionals="0" methods="0" coveredmethods="0"/>
        <line num="15" count="0" type="stmt"/>
        <line num="732" count="0" type="stmt"/>
      </file>
      <file name="farms.ts" path="/Users/timhopkin/Documents/Software Development/Surrey Farming Cluster Website /src/data/farms.ts">
        <metrics statements="1" coveredstatements="0" conditionals="0" coveredconditionals="0" methods="0" coveredmethods="0"/>
        <line num="21" count="0" type="stmt"/>
      </file>
      <file name="funding.ts" path="/Users/timhopkin/Documents/Software Development/Surrey Farming Cluster Website /src/data/funding.ts">
        <metrics statements="2" coveredstatements="0" conditionals="0" coveredconditionals="0" methods="0" coveredmethods="0"/>
        <line num="26" count="0" type="stmt"/>
        <line num="105" count="0" type="stmt"/>
      </file>
      <file name="news.ts" path="/Users/timhopkin/Documents/Software Development/Surrey Farming Cluster Website /src/data/news.ts">
        <metrics statements="2" coveredstatements="0" conditionals="0" coveredconditionals="0" methods="0" coveredmethods="0"/>
        <line num="27" count="0" type="stmt"/>
        <line num="150" count="0" type="stmt"/>
      </file>
    </package>
    <package name="src.pages">
      <metrics statements="165" coveredstatements="0" conditionals="99" coveredconditionals="0" methods="89" coveredmethods="0"/>
      <file name="About.tsx" path="/Users/timhopkin/Documents/Software Development/Surrey Farming Cluster Website /src/pages/About.tsx">
        <metrics statements="2" coveredstatements="0" conditionals="0" coveredconditionals="0" methods="1" coveredmethods="0"/>
        <line num="3" count="0" type="stmt"/>
        <line num="4" count="0" type="stmt"/>
      </file>
      <file name="Blog.tsx" path="/Users/timhopkin/Documents/Software Development/Surrey Farming Cluster Website /src/pages/Blog.tsx">
        <metrics statements="22" coveredstatements="0" conditionals="13" coveredconditionals="0" methods="15" coveredmethods="0"/>
        <line num="5" count="0" type="stmt"/>
        <line num="6" count="0" type="stmt"/>
        <line num="7" count="0" type="stmt"/>
        <line num="9" count="0" type="stmt"/>
        <line num="10" count="0" type="cond" truecount="0" falsecount="2"/>
        <line num="12" count="0" type="cond" truecount="0" falsecount="3"/>
        <line num="14" count="0" type="stmt"/>
        <line num="16" count="0" type="cond" truecount="0" falsecount="2"/>
        <line num="19" count="0" type="stmt"/>
        <line num="20" count="0" type="stmt"/>
        <line num="22" count="0" type="stmt"/>
        <line num="42" count="0" type="stmt"/>
        <line num="99" count="0" type="stmt"/>
        <line num="111" count="0" type="stmt"/>
        <line num="115" count="0" type="stmt"/>
        <line num="130" count="0" type="stmt"/>
        <line num="173" count="0" type="stmt"/>
        <line num="205" count="0" type="stmt"/>
        <line num="237" count="0" type="stmt"/>
        <line num="238" count="0" type="stmt"/>
        <line num="239" count="0" type="stmt"/>
        <line num="242" count="0" type="stmt"/>
      </file>
      <file name="BlogDetail.tsx" path="/Users/timhopkin/Documents/Software Development/Surrey Farming Cluster Website /src/pages/BlogDetail.tsx">
        <metrics statements="23" coveredstatements="0" conditionals="15" coveredconditionals="0" methods="10" coveredmethods="0"/>
        <line num="5" count="0" type="stmt"/>
        <line num="6" count="0" type="stmt"/>
        <line num="7" count="0" type="stmt"/>
        <line num="9" count="0" type="cond" truecount="0" falsecount="2"/>
        <line num="10" count="0" type="stmt"/>
        <line num="26" count="0" type="stmt"/>
        <line num="27" count="0" type="cond" truecount="0" falsecount="3"/>
        <line num="30" count="0" type="stmt"/>
        <line num="32" count="0" type="stmt"/>
        <line num="34" count="0" type="stmt"/>
        <line num="36" count="0" type="cond" truecount="0" falsecount="2"/>
        <line num="37" count="0" type="stmt"/>
        <line num="44" count="0" type="cond" truecount="0" falsecount="4"/>
        <line num="45" count="0" type="stmt"/>
        <line num="53" count="0" type="cond" truecount="0" falsecount="2"/>
        <line num="54" count="0" type="stmt"/>
        <line num="55" count="0" type="stmt"/>
        <line num="58" count="0" type="stmt"/>
        <line num="65" count="0" type="stmt"/>
        <line num="69" count="0" type="stmt"/>
        <line num="75" count="0" type="stmt"/>
        <line num="165" count="0" type="stmt"/>
        <line num="212" count="0" type="stmt"/>
      </file>
      <file name="FarmDetail.tsx" path="/Users/timhopkin/Documents/Software Development/Surrey Farming Cluster Website /src/pages/FarmDetail.tsx">
        <metrics statements="9" coveredstatements="0" conditionals="10" coveredconditionals="0" methods="4" coveredmethods="0"/>
        <line num="5" count="0" type="stmt"/>
        <line num="6" count="0" type="stmt"/>
        <line num="7" count="0" type="stmt"/>
        <line num="9" count="0" type="cond" truecount="0" falsecount="2"/>
        <line num="10" count="0" type="stmt"/>
        <line num="26" count="0" type="stmt"/>
        <line num="75" count="0" type="stmt"/>
        <line num="189" count="0" type="stmt"/>
        <line num="190" count="0" type="stmt"/>
      </file>
      <file name="Farms.tsx" path="/Users/timhopkin/Documents/Software Development/Surrey Farming Cluster Website /src/pages/Farms.tsx">
        <metrics statements="26" coveredstatements="0" conditionals="13" coveredconditionals="0" methods="13" coveredmethods="0"/>
        <line num="5" count="0" type="stmt"/>
        <line num="6" count="0" type="stmt"/>
        <line num="7" count="0" type="stmt"/>
        <line num="8" count="0" type="stmt"/>
        <line num="10" count="0" type="stmt"/>
        <line num="12" count="0" type="stmt"/>
        <line num="13" count="0" type="stmt"/>
        <line num="14" count="0" type="stmt"/>
        <line num="17" count="0" type="stmt"/>
        <line num="18" count="0" type="stmt"/>
        <line num="19" count="0" type="stmt"/>
        <line num="22" count="0" type="stmt"/>
        <line num="23" count="0" type="stmt"/>
        <line num="25" count="0" type="cond" truecount="0" falsecount="2"/>
        <line num="26" count="0" type="stmt"/>
        <line num="29" count="0" type="cond" truecount="0" falsecount="2"/>
        <line num="30" count="0" type="stmt"/>
        <line num="31" count="0" type="cond" truecount="0" falsecount="3"/>
        <line num="33" count="0" type="stmt"/>
        <line num="37" count="0" type="stmt"/>
        <line num="40" count="0" type="stmt"/>
        <line num="64" count="0" type="stmt"/>
        <line num="76" count="0" type="stmt"/>
        <line num="80" count="0" type="stmt"/>
        <line num="95" count="0" type="stmt"/>
        <line num="115" count="0" type="stmt"/>
      </file>
      <file name="Funding.tsx" path="/Users/timhopkin/Documents/Software Development/Surrey Farming Cluster Website /src/pages/Funding.tsx">
        <metrics statements="30" coveredstatements="0" conditionals="22" coveredconditionals="0" methods="13" coveredmethods="0"/>
        <line num="4" count="0" type="stmt"/>
        <line num="5" count="0" type="stmt"/>
        <line num="6" count="0" type="stmt"/>
        <line num="8" count="0" type="stmt"/>
        <line num="9" count="0" type="stmt"/>
        <line num="11" count="0" type="stmt"/>
        <line num="12" count="0" type="cond" truecount="0" falsecount="2"/>
        <line num="13" count="0" type="cond" truecount="0" falsecount="2"/>
        <line num="14" count="0" type="cond" truecount="0" falsecount="2"/>
        <line num="17" count="0" type="stmt"/>
        <line num="18" count="0" type="cond" truecount="0" falsecount="4"/>
        <line num="20" count="0" type="stmt"/>
        <line num="22" count="0" type="stmt"/>
        <line num="24" count="0" type="stmt"/>
        <line num="26" count="0" type="stmt"/>
        <line num="30" count="0" type="stmt"/>
        <line num="31" count="0" type="cond" truecount="0" falsecount="4"/>
        <line num="33" count="0" type="stmt"/>
        <line num="35" count="0" type="stmt"/>
        <line num="37" count="0" type="stmt"/>
        <line num="39" count="0" type="stmt"/>
        <line num="43" count="0" type="stmt"/>
        <line num="66" count="0" type="stmt"/>
        <line num="70" count="0" type="stmt"/>
        <line num="83" count="0" type="stmt"/>
        <line num="87" count="0" type="stmt"/>
        <line num="101" count="0" type="stmt"/>
        <line num="134" count="0" type="stmt"/>
        <line num="168" count="0" type="stmt"/>
        <line num="202" count="0" type="stmt"/>
      </file>
      <file name="Home.tsx" path="/Users/timhopkin/Documents/Software Development/Surrey Farming Cluster Website /src/pages/Home.tsx">
        <metrics statements="4" coveredstatements="0" conditionals="0" coveredconditionals="0" methods="2" coveredmethods="0"/>
        <line num="5" count="0" type="stmt"/>
        <line num="6" count="0" type="stmt"/>
        <line num="8" count="0" type="stmt"/>
        <line num="102" count="0" type="stmt"/>
      </file>
      <file name="Join.tsx" path="/Users/timhopkin/Documents/Software Development/Surrey Farming Cluster Website /src/pages/Join.tsx">
        <metrics statements="18" coveredstatements="0" conditionals="2" coveredconditionals="0" methods="10" coveredmethods="0"/>
        <line num="3" count="0" type="stmt"/>
        <line num="4" count="0" type="stmt"/>
        <line num="17" count="0" type="stmt"/>
        <line num="28" count="0" type="stmt"/>
        <line num="39" count="0" type="stmt"/>
        <line num="40" count="0" type="stmt"/>
        <line num="41" count="0" type="stmt"/>
        <line num="47" count="0" type="stmt"/>
        <line num="48" count="0" type="stmt"/>
        <line num="51" count="0" type="stmt"/>
        <line num="56" count="0" type="stmt"/>
        <line num="57" count="0" type="stmt"/>
        <line num="58" count="0" type="stmt"/>
        <line num="59" count="0" type="stmt"/>
        <line num="62" count="0" type="stmt"/>
        <line num="254" count="0" type="stmt"/>
        <line num="296" count="0" type="stmt"/>
        <line num="300" count="0" type="stmt"/>
      </file>
      <file name="Map.tsx" path="/Users/timhopkin/Documents/Software Development/Surrey Farming Cluster Website /src/pages/Map.tsx">
        <metrics statements="15" coveredstatements="0" conditionals="12" coveredconditionals="0" methods="10" coveredmethods="0"/>
        <line num="6" count="0" type="stmt"/>
        <line num="7" count="0" type="stmt"/>
        <line num="8" count="0" type="stmt"/>
        <line num="10" count="0" type="stmt"/>
        <line num="11" count="0" type="cond" truecount="0" falsecount="2"/>
        <line num="13" count="0" type="stmt"/>
        <line num="15" count="0" type="stmt"/>
        <line num="16" count="0" type="stmt"/>
        <line num="19" count="0" type="cond" truecount="0" falsecount="2"/>
        <line num="21" count="0" type="stmt"/>
        <line num="43" count="0" type="stmt"/>
        <line num="47" count="0" type="stmt"/>
        <line num="74" count="0" type="stmt"/>
        <line num="81" count="0" type="stmt"/>
        <line num="107" count="0" type="stmt"/>
      </file>
      <file name="News.tsx" path="/Users/timhopkin/Documents/Software Development/Surrey Farming Cluster Website /src/pages/News.tsx">
        <metrics statements="16" coveredstatements="0" conditionals="12" coveredconditionals="0" methods="11" coveredmethods="0"/>
        <line num="5" count="0" type="stmt"/>
        <line num="6" count="0" type="stmt"/>
        <line num="8" count="0" type="stmt"/>
        <line num="9" count="0" type="stmt"/>
        <line num="10" count="0" type="cond" truecount="0" falsecount="2"/>
        <line num="12" count="0" type="stmt"/>
        <line num="14" count="0" type="stmt"/>
        <line num="15" count="0" type="stmt"/>
        <line num="22" count="0" type="stmt"/>
        <line num="23" count="0" type="stmt"/>
        <line num="31" count="0" type="stmt"/>
        <line num="50" count="0" type="stmt"/>
        <line num="97" count="0" type="stmt"/>
        <line num="101" count="0" type="stmt"/>
        <line num="111" count="0" type="stmt"/>
        <line num="149" count="0" type="stmt"/>
      </file>
    </package>
  </project>
</coverage>
