{"/Users/timhopkin/Documents/Software Development/Surrey Farming Cluster Website /src/App.tsx": {"path":"/Users/timhopkin/Documents/Software Development/Surrey Farming Cluster Website /src/App.tsx","statementMap":{"0":{"start":{"line":18,"column":2},"end":{"line":40,"column":4}}},"fnMap":{"0":{"name":"App","decl":{"start":{"line":17,"column":9},"end":{"line":17,"column":12}},"loc":{"start":{"line":17,"column":15},"end":{"line":41,"column":1}},"line":17}},"branchMap":{},"s":{"0":0},"f":{"0":0},"b":{}}
,"/Users/timhopkin/Documents/Software Development/Surrey Farming Cluster Website /src/index.tsx": {"path":"/Users/timhopkin/Documents/Software Development/Surrey Farming Cluster Website /src/index.tsx","statementMap":{"0":{"start":{"line":7,"column":13},"end":{"line":9,"column":1}},"1":{"start":{"line":10,"column":0},"end":{"line":14,"column":2}},"2":{"start":{"line":19,"column":0},"end":{"line":19,"column":18}}},"fnMap":{},"branchMap":{},"s":{"0":0,"1":0,"2":0},"f":{},"b":{}}
,"/Users/timhopkin/Documents/Software Development/Surrey Farming Cluster Website /src/reportWebVitals.ts": {"path":"/Users/timhopkin/Documents/Software Development/Surrey Farming Cluster Website /src/reportWebVitals.ts","statementMap":{"0":{"start":{"line":3,"column":24},"end":{"line":13,"column":1}},"1":{"start":{"line":4,"column":2},"end":{"line":12,"column":3}},"2":{"start":{"line":5,"column":4},"end":{"line":11,"column":7}},"3":{"start":{"line":6,"column":6},"end":{"line":6,"column":26}},"4":{"start":{"line":7,"column":6},"end":{"line":7,"column":26}},"5":{"start":{"line":8,"column":6},"end":{"line":8,"column":26}},"6":{"start":{"line":9,"column":6},"end":{"line":9,"column":26}},"7":{"start":{"line":10,"column":6},"end":{"line":10,"column":27}}},"fnMap":{"0":{"name":"(anonymous_0)","decl":{"start":{"line":3,"column":24},"end":{"line":3,"column":25}},"loc":{"start":{"line":3,"column":57},"end":{"line":13,"column":1}},"line":3},"1":{"name":"(anonymous_1)","decl":{"start":{"line":5,"column":30},"end":{"line":5,"column":31}},"loc":{"start":{"line":5,"column":79},"end":{"line":11,"column":5}},"line":5}},"branchMap":{"0":{"loc":{"start":{"line":4,"column":2},"end":{"line":12,"column":3}},"type":"if","locations":[{"start":{"line":4,"column":2},"end":{"line":12,"column":3}},{"start":{},"end":{}}],"line":4},"1":{"loc":{"start":{"line":4,"column":6},"end":{"line":4,"column":52}},"type":"binary-expr","locations":[{"start":{"line":4,"column":6},"end":{"line":4,"column":17}},{"start":{"line":4,"column":21},"end":{"line":4,"column":52}}],"line":4}},"s":{"0":0,"1":0,"2":0,"3":0,"4":0,"5":0,"6":0,"7":0},"f":{"0":0,"1":0},"b":{"0":[0,0],"1":[0,0]}}
,"/Users/timhopkin/Documents/Software Development/Surrey Farming Cluster Website /src/components/FarmMap.tsx": {"path":"/Users/timhopkin/Documents/Software Development/Surrey Farming Cluster Website /src/components/FarmMap.tsx","statementMap":{"0":{"start":{"line":11,"column":40},"end":{"line":121,"column":1}},"1":{"start":{"line":12,"column":17},"end":{"line":12,"column":45}},"2":{"start":{"line":13,"column":25},"end":{"line":13,"column":51}},"3":{"start":{"line":15,"column":2},"end":{"line":112,"column":37}},"4":{"start":{"line":16,"column":4},"end":{"line":16,"column":32}},"5":{"start":{"line":16,"column":25},"end":{"line":16,"column":32}},"6":{"start":{"line":18,"column":16},"end":{"line":18,"column":69}},"7":{"start":{"line":19,"column":4},"end":{"line":19,"column":33}},"8":{"start":{"line":21,"column":4},"end":{"line":23,"column":18}},"9":{"start":{"line":25,"column":23},"end":{"line":43,"column":6}},"10":{"start":{"line":45,"column":4},"end":{"line":104,"column":7}},"11":{"start":{"line":46,"column":21},"end":{"line":47,"column":19}},"12":{"start":{"line":49,"column":6},"end":{"line":92,"column":9}},"13":{"start":{"line":64,"column":16},"end":{"line":72,"column":36}},"14":{"start":{"line":94,"column":6},"end":{"line":98,"column":9}},"15":{"start":{"line":95,"column":8},"end":{"line":97,"column":9}},"16":{"start":{"line":96,"column":10},"end":{"line":96,"column":32}},"17":{"start":{"line":100,"column":6},"end":{"line":103,"column":7}},"18":{"start":{"line":101,"column":8},"end":{"line":101,"column":27}},"19":{"start":{"line":102,"column":8},"end":{"line":102,"column":64}},"20":{"start":{"line":106,"column":4},"end":{"line":111,"column":6}},"21":{"start":{"line":107,"column":6},"end":{"line":110,"column":7}},"22":{"start":{"line":108,"column":8},"end":{"line":108,"column":40}},"23":{"start":{"line":109,"column":8},"end":{"line":109,"column":38}},"24":{"start":{"line":114,"column":2},"end":{"line":120,"column":4}}},"fnMap":{"0":{"name":"(anonymous_0)","decl":{"start":{"line":11,"column":40},"end":{"line":11,"column":41}},"loc":{"start":{"line":11,"column":78},"end":{"line":121,"column":1}},"line":11},"1":{"name":"(anonymous_1)","decl":{"start":{"line":15,"column":12},"end":{"line":15,"column":13}},"loc":{"start":{"line":15,"column":18},"end":{"line":112,"column":3}},"line":15},"2":{"name":"(anonymous_2)","decl":{"start":{"line":45,"column":24},"end":{"line":45,"column":25}},"loc":{"start":{"line":45,"column":34},"end":{"line":104,"column":5}},"line":45},"3":{"name":"(anonymous_3)","decl":{"start":{"line":63,"column":46},"end":{"line":63,"column":47}},"loc":{"start":{"line":64,"column":16},"end":{"line":72,"column":36}},"line":64},"4":{"name":"(anonymous_4)","decl":{"start":{"line":94,"column":25},"end":{"line":94,"column":26}},"loc":{"start":{"line":94,"column":31},"end":{"line":98,"column":7}},"line":94},"5":{"name":"(anonymous_5)","decl":{"start":{"line":106,"column":11},"end":{"line":106,"column":12}},"loc":{"start":{"line":106,"column":17},"end":{"line":111,"column":5}},"line":106}},"branchMap":{"0":{"loc":{"start":{"line":16,"column":4},"end":{"line":16,"column":32}},"type":"if","locations":[{"start":{"line":16,"column":4},"end":{"line":16,"column":32}},{"start":{},"end":{}}],"line":16},"1":{"loc":{"start":{"line":95,"column":8},"end":{"line":97,"column":9}},"type":"if","locations":[{"start":{"line":95,"column":8},"end":{"line":97,"column":9}},{"start":{},"end":{}}],"line":95},"2":{"loc":{"start":{"line":100,"column":6},"end":{"line":103,"column":7}},"type":"if","locations":[{"start":{"line":100,"column":6},"end":{"line":103,"column":7}},{"start":{},"end":{}}],"line":100},"3":{"loc":{"start":{"line":107,"column":6},"end":{"line":110,"column":7}},"type":"if","locations":[{"start":{"line":107,"column":6},"end":{"line":110,"column":7}},{"start":{},"end":{}}],"line":107}},"s":{"0":0,"1":0,"2":0,"3":0,"4":0,"5":0,"6":0,"7":0,"8":0,"9":0,"10":0,"11":0,"12":0,"13":0,"14":0,"15":0,"16":0,"17":0,"18":0,"19":0,"20":0,"21":0,"22":0,"23":0,"24":0},"f":{"0":0,"1":0,"2":0,"3":0,"4":0,"5":0},"b":{"0":[0,0],"1":[0,0],"2":[0,0],"3":[0,0]}}
,"/Users/timhopkin/Documents/Software Development/Surrey Farming Cluster Website /src/components/Footer.tsx": {"path":"/Users/timhopkin/Documents/Software Development/Surrey Farming Cluster Website /src/components/Footer.tsx","statementMap":{"0":{"start":{"line":4,"column":25},"end":{"line":88,"column":1}},"1":{"start":{"line":5,"column":2},"end":{"line":87,"column":4}}},"fnMap":{"0":{"name":"(anonymous_0)","decl":{"start":{"line":4,"column":25},"end":{"line":4,"column":26}},"loc":{"start":{"line":4,"column":31},"end":{"line":88,"column":1}},"line":4}},"branchMap":{},"s":{"0":0,"1":0},"f":{"0":0},"b":{}}
,"/Users/timhopkin/Documents/Software Development/Surrey Farming Cluster Website /src/components/Header.tsx": {"path":"/Users/timhopkin/Documents/Software Development/Surrey Farming Cluster Website /src/components/Header.tsx","statementMap":{"0":{"start":{"line":5,"column":25},"end":{"line":278,"column":1}},"1":{"start":{"line":6,"column":46},"end":{"line":6,"column":61}},"2":{"start":{"line":7,"column":48},"end":{"line":7,"column":63}},"3":{"start":{"line":8,"column":46},"end":{"line":8,"column":61}},"4":{"start":{"line":10,"column":2},"end":{"line":277,"column":4}},"5":{"start":{"line":76,"column":29},"end":{"line":76,"column":52}},"6":{"start":{"line":82,"column":29},"end":{"line":82,"column":53}},"7":{"start":{"line":92,"column":29},"end":{"line":92,"column":63}},"8":{"start":{"line":107,"column":31},"end":{"line":107,"column":55}},"9":{"start":{"line":114,"column":31},"end":{"line":114,"column":55}},"10":{"start":{"line":121,"column":31},"end":{"line":121,"column":55}},"11":{"start":{"line":128,"column":31},"end":{"line":128,"column":55}},"12":{"start":{"line":135,"column":31},"end":{"line":135,"column":55}},"13":{"start":{"line":142,"column":31},"end":{"line":142,"column":55}},"14":{"start":{"line":149,"column":31},"end":{"line":149,"column":55}},"15":{"start":{"line":156,"column":31},"end":{"line":156,"column":55}},"16":{"start":{"line":165,"column":20},"end":{"line":165,"column":45}},"17":{"start":{"line":166,"column":20},"end":{"line":166,"column":44}},"18":{"start":{"line":174,"column":20},"end":{"line":174,"column":45}},"19":{"start":{"line":175,"column":20},"end":{"line":175,"column":45}},"20":{"start":{"line":194,"column":31},"end":{"line":194,"column":55}},"21":{"start":{"line":221,"column":20},"end":{"line":221,"column":45}},"22":{"start":{"line":222,"column":20},"end":{"line":222,"column":45}},"23":{"start":{"line":241,"column":31},"end":{"line":241,"column":56}},"24":{"start":{"line":263,"column":22},"end":{"line":263,"column":48}},"25":{"start":{"line":264,"column":22},"end":{"line":264,"column":46}}},"fnMap":{"0":{"name":"(anonymous_0)","decl":{"start":{"line":5,"column":25},"end":{"line":5,"column":26}},"loc":{"start":{"line":5,"column":31},"end":{"line":278,"column":1}},"line":5},"1":{"name":"(anonymous_1)","decl":{"start":{"line":76,"column":23},"end":{"line":76,"column":24}},"loc":{"start":{"line":76,"column":29},"end":{"line":76,"column":52}},"line":76},"2":{"name":"(anonymous_2)","decl":{"start":{"line":82,"column":23},"end":{"line":82,"column":24}},"loc":{"start":{"line":82,"column":29},"end":{"line":82,"column":53}},"line":82},"3":{"name":"(anonymous_3)","decl":{"start":{"line":92,"column":23},"end":{"line":92,"column":24}},"loc":{"start":{"line":92,"column":29},"end":{"line":92,"column":63}},"line":92},"4":{"name":"(anonymous_4)","decl":{"start":{"line":107,"column":25},"end":{"line":107,"column":26}},"loc":{"start":{"line":107,"column":31},"end":{"line":107,"column":55}},"line":107},"5":{"name":"(anonymous_5)","decl":{"start":{"line":114,"column":25},"end":{"line":114,"column":26}},"loc":{"start":{"line":114,"column":31},"end":{"line":114,"column":55}},"line":114},"6":{"name":"(anonymous_6)","decl":{"start":{"line":121,"column":25},"end":{"line":121,"column":26}},"loc":{"start":{"line":121,"column":31},"end":{"line":121,"column":55}},"line":121},"7":{"name":"(anonymous_7)","decl":{"start":{"line":128,"column":25},"end":{"line":128,"column":26}},"loc":{"start":{"line":128,"column":31},"end":{"line":128,"column":55}},"line":128},"8":{"name":"(anonymous_8)","decl":{"start":{"line":135,"column":25},"end":{"line":135,"column":26}},"loc":{"start":{"line":135,"column":31},"end":{"line":135,"column":55}},"line":135},"9":{"name":"(anonymous_9)","decl":{"start":{"line":142,"column":25},"end":{"line":142,"column":26}},"loc":{"start":{"line":142,"column":31},"end":{"line":142,"column":55}},"line":142},"10":{"name":"(anonymous_10)","decl":{"start":{"line":149,"column":25},"end":{"line":149,"column":26}},"loc":{"start":{"line":149,"column":31},"end":{"line":149,"column":55}},"line":149},"11":{"name":"(anonymous_11)","decl":{"start":{"line":156,"column":25},"end":{"line":156,"column":26}},"loc":{"start":{"line":156,"column":31},"end":{"line":156,"column":55}},"line":156},"12":{"name":"(anonymous_12)","decl":{"start":{"line":164,"column":27},"end":{"line":164,"column":28}},"loc":{"start":{"line":164,"column":33},"end":{"line":167,"column":19}},"line":164},"13":{"name":"(anonymous_13)","decl":{"start":{"line":173,"column":27},"end":{"line":173,"column":28}},"loc":{"start":{"line":173,"column":33},"end":{"line":176,"column":19}},"line":173},"14":{"name":"(anonymous_14)","decl":{"start":{"line":194,"column":25},"end":{"line":194,"column":26}},"loc":{"start":{"line":194,"column":31},"end":{"line":194,"column":55}},"line":194},"15":{"name":"(anonymous_15)","decl":{"start":{"line":220,"column":27},"end":{"line":220,"column":28}},"loc":{"start":{"line":220,"column":33},"end":{"line":223,"column":19}},"line":220},"16":{"name":"(anonymous_16)","decl":{"start":{"line":241,"column":25},"end":{"line":241,"column":26}},"loc":{"start":{"line":241,"column":31},"end":{"line":241,"column":56}},"line":241},"17":{"name":"(anonymous_17)","decl":{"start":{"line":262,"column":29},"end":{"line":262,"column":30}},"loc":{"start":{"line":262,"column":35},"end":{"line":265,"column":21}},"line":262}},"branchMap":{"0":{"loc":{"start":{"line":95,"column":35},"end":{"line":95,"column":74}},"type":"cond-expr","locations":[{"start":{"line":95,"column":52},"end":{"line":95,"column":62}},{"start":{"line":95,"column":65},"end":{"line":95,"column":74}}],"line":95},"1":{"loc":{"start":{"line":101,"column":9},"end":{"line":184,"column":9}},"type":"binary-expr","locations":[{"start":{"line":101,"column":9},"end":{"line":101,"column":23}},{"start":{"line":102,"column":10},"end":{"line":183,"column":16}}],"line":101},"2":{"loc":{"start":{"line":188,"column":7},"end":{"line":232,"column":7}},"type":"binary-expr","locations":[{"start":{"line":188,"column":7},"end":{"line":188,"column":21}},{"start":{"line":189,"column":8},"end":{"line":231,"column":14}}],"line":188},"3":{"loc":{"start":{"line":235,"column":7},"end":{"line":275,"column":7}},"type":"binary-expr","locations":[{"start":{"line":235,"column":7},"end":{"line":235,"column":22}},{"start":{"line":236,"column":8},"end":{"line":274,"column":14}}],"line":235}},"s":{"0":0,"1":0,"2":0,"3":0,"4":0,"5":0,"6":0,"7":0,"8":0,"9":0,"10":0,"11":0,"12":0,"13":0,"14":0,"15":0,"16":0,"17":0,"18":0,"19":0,"20":0,"21":0,"22":0,"23":0,"24":0,"25":0},"f":{"0":0,"1":0,"2":0,"3":0,"4":0,"5":0,"6":0,"7":0,"8":0,"9":0,"10":0,"11":0,"12":0,"13":0,"14":0,"15":0,"16":0,"17":0},"b":{"0":[0,0],"1":[0,0],"2":[0,0],"3":[0,0]}}
,"/Users/timhopkin/Documents/Software Development/Surrey Farming Cluster Website /src/components/Logo.tsx": {"path":"/Users/timhopkin/Documents/Software Development/Surrey Farming Cluster Website /src/components/Logo.tsx","statementMap":{"0":{"start":{"line":8,"column":34},"end":{"line":31,"column":1}},"1":{"start":{"line":9,"column":2},"end":{"line":16,"column":3}},"2":{"start":{"line":11,"column":4},"end":{"line":15,"column":6}},"3":{"start":{"line":18,"column":2},"end":{"line":30,"column":4}}},"fnMap":{"0":{"name":"(anonymous_0)","decl":{"start":{"line":8,"column":34},"end":{"line":8,"column":35}},"loc":{"start":{"line":8,"column":79},"end":{"line":31,"column":1}},"line":8}},"branchMap":{"0":{"loc":{"start":{"line":8,"column":37},"end":{"line":8,"column":55}},"type":"default-arg","locations":[{"start":{"line":8,"column":49},"end":{"line":8,"column":55}}],"line":8},"1":{"loc":{"start":{"line":8,"column":57},"end":{"line":8,"column":72}},"type":"default-arg","locations":[{"start":{"line":8,"column":68},"end":{"line":8,"column":72}}],"line":8},"2":{"loc":{"start":{"line":9,"column":2},"end":{"line":16,"column":3}},"type":"if","locations":[{"start":{"line":9,"column":2},"end":{"line":16,"column":3}},{"start":{},"end":{}}],"line":9}},"s":{"0":0,"1":0,"2":0,"3":0},"f":{"0":0},"b":{"0":[0],"1":[0],"2":[0,0]}}
,"/Users/timhopkin/Documents/Software Development/Surrey Farming Cluster Website /src/data/blogs.ts": {"path":"/Users/timhopkin/Documents/Software Development/Surrey Farming Cluster Website /src/data/blogs.ts","statementMap":{"0":{"start":{"line":15,"column":37},"end":{"line":730,"column":1}},"1":{"start":{"line":732,"column":30},"end":{"line":740,"column":1}}},"fnMap":{},"branchMap":{},"s":{"0":0,"1":0},"f":{},"b":{}}
,"/Users/timhopkin/Documents/Software Development/Surrey Farming Cluster Website /src/data/farms.ts": {"path":"/Users/timhopkin/Documents/Software Development/Surrey Farming Cluster Website /src/data/farms.ts","statementMap":{"0":{"start":{"line":21,"column":35},"end":{"line":89,"column":1}}},"fnMap":{},"branchMap":{},"s":{"0":0},"f":{},"b":{}}
,"/Users/timhopkin/Documents/Software Development/Surrey Farming Cluster Website /src/data/funding.ts": {"path":"/Users/timhopkin/Documents/Software Development/Surrey Farming Cluster Website /src/data/funding.ts","statementMap":{"0":{"start":{"line":26,"column":58},"end":{"line":103,"column":1}},"1":{"start":{"line":105,"column":46},"end":{"line":154,"column":1}}},"fnMap":{},"branchMap":{},"s":{"0":0,"1":0},"f":{},"b":{}}
,"/Users/timhopkin/Documents/Software Development/Surrey Farming Cluster Website /src/data/news.ts": {"path":"/Users/timhopkin/Documents/Software Development/Surrey Farming Cluster Website /src/data/news.ts","statementMap":{"0":{"start":{"line":27,"column":43},"end":{"line":148,"column":1}},"1":{"start":{"line":150,"column":39},"end":{"line":203,"column":1}}},"fnMap":{},"branchMap":{},"s":{"0":0,"1":0},"f":{},"b":{}}
,"/Users/timhopkin/Documents/Software Development/Surrey Farming Cluster Website /src/pages/About.tsx": {"path":"/Users/timhopkin/Documents/Software Development/Surrey Farming Cluster Website /src/pages/About.tsx","statementMap":{"0":{"start":{"line":3,"column":24},"end":{"line":205,"column":1}},"1":{"start":{"line":4,"column":2},"end":{"line":204,"column":4}}},"fnMap":{"0":{"name":"(anonymous_0)","decl":{"start":{"line":3,"column":24},"end":{"line":3,"column":25}},"loc":{"start":{"line":3,"column":30},"end":{"line":205,"column":1}},"line":3}},"branchMap":{},"s":{"0":0,"1":0},"f":{"0":0},"b":{}}
,"/Users/timhopkin/Documents/Software Development/Surrey Farming Cluster Website /src/pages/Blog.tsx": {"path":"/Users/timhopkin/Documents/Software Development/Surrey Farming Cluster Website /src/pages/Blog.tsx","statementMap":{"0":{"start":{"line":5,"column":23},"end":{"line":282,"column":1}},"1":{"start":{"line":6,"column":50},"end":{"line":6,"column":73}},"2":{"start":{"line":7,"column":38},"end":{"line":7,"column":58}},"3":{"start":{"line":9,"column":24},"end":{"line":17,"column":4}},"4":{"start":{"line":10,"column":26},"end":{"line":10,"column":90}},"5":{"start":{"line":12,"column":6},"end":{"line":14,"column":81}},"6":{"start":{"line":14,"column":28},"end":{"line":14,"column":80}},"7":{"start":{"line":16,"column":4},"end":{"line":16,"column":40}},"8":{"start":{"line":19,"column":24},"end":{"line":19,"column":63}},"9":{"start":{"line":19,"column":49},"end":{"line":19,"column":62}},"10":{"start":{"line":20,"column":22},"end":{"line":20,"column":43}},"11":{"start":{"line":22,"column":2},"end":{"line":281,"column":4}},"12":{"start":{"line":42,"column":18},"end":{"line":82,"column":25}},"13":{"start":{"line":99,"column":35},"end":{"line":99,"column":64}},"14":{"start":{"line":111,"column":35},"end":{"line":111,"column":70}},"15":{"start":{"line":115,"column":20},"end":{"line":115,"column":79}},"16":{"start":{"line":130,"column":18},"end":{"line":181,"column":25}},"17":{"start":{"line":173,"column":30},"end":{"line":175,"column":37}},"18":{"start":{"line":205,"column":20},"end":{"line":228,"column":27}},"19":{"start":{"line":237,"column":48},"end":{"line":237,"column":61}},"20":{"start":{"line":238,"column":34},"end":{"line":238,"column":93}},"21":{"start":{"line":238,"column":59},"end":{"line":238,"column":85}},"22":{"start":{"line":239,"column":20},"end":{"line":254,"column":22}},"23":{"start":{"line":242,"column":39},"end":{"line":242,"column":68}}},"fnMap":{"0":{"name":"(anonymous_0)","decl":{"start":{"line":5,"column":23},"end":{"line":5,"column":24}},"loc":{"start":{"line":5,"column":29},"end":{"line":282,"column":1}},"line":5},"1":{"name":"(anonymous_1)","decl":{"start":{"line":9,"column":41},"end":{"line":9,"column":42}},"loc":{"start":{"line":9,"column":49},"end":{"line":17,"column":3}},"line":9},"2":{"name":"(anonymous_2)","decl":{"start":{"line":14,"column":21},"end":{"line":14,"column":22}},"loc":{"start":{"line":14,"column":28},"end":{"line":14,"column":80}},"line":14},"3":{"name":"(anonymous_3)","decl":{"start":{"line":19,"column":41},"end":{"line":19,"column":42}},"loc":{"start":{"line":19,"column":49},"end":{"line":19,"column":62}},"line":19},"4":{"name":"(anonymous_4)","decl":{"start":{"line":41,"column":35},"end":{"line":41,"column":36}},"loc":{"start":{"line":42,"column":18},"end":{"line":82,"column":25}},"line":42},"5":{"name":"(anonymous_5)","decl":{"start":{"line":99,"column":28},"end":{"line":99,"column":29}},"loc":{"start":{"line":99,"column":35},"end":{"line":99,"column":64}},"line":99},"6":{"name":"(anonymous_6)","decl":{"start":{"line":111,"column":28},"end":{"line":111,"column":29}},"loc":{"start":{"line":111,"column":35},"end":{"line":111,"column":70}},"line":111},"7":{"name":"(anonymous_7)","decl":{"start":{"line":114,"column":38},"end":{"line":114,"column":39}},"loc":{"start":{"line":115,"column":20},"end":{"line":115,"column":79}},"line":115},"8":{"name":"(anonymous_8)","decl":{"start":{"line":129,"column":35},"end":{"line":129,"column":36}},"loc":{"start":{"line":130,"column":18},"end":{"line":181,"column":25}},"line":130},"9":{"name":"(anonymous_9)","decl":{"start":{"line":172,"column":55},"end":{"line":172,"column":56}},"loc":{"start":{"line":173,"column":30},"end":{"line":175,"column":37}},"line":173},"10":{"name":"(anonymous_10)","decl":{"start":{"line":204,"column":35},"end":{"line":204,"column":36}},"loc":{"start":{"line":205,"column":20},"end":{"line":228,"column":27}},"line":205},"11":{"name":"(anonymous_11)","decl":{"start":{"line":237,"column":41},"end":{"line":237,"column":42}},"loc":{"start":{"line":237,"column":48},"end":{"line":237,"column":61}},"line":237},"12":{"name":"(anonymous_12)","decl":{"start":{"line":237,"column":67},"end":{"line":237,"column":68}},"loc":{"start":{"line":237,"column":79},"end":{"line":255,"column":19}},"line":237},"13":{"name":"(anonymous_13)","decl":{"start":{"line":238,"column":51},"end":{"line":238,"column":52}},"loc":{"start":{"line":238,"column":59},"end":{"line":238,"column":85}},"line":238},"14":{"name":"(anonymous_14)","decl":{"start":{"line":242,"column":33},"end":{"line":242,"column":34}},"loc":{"start":{"line":242,"column":39},"end":{"line":242,"column":68}},"line":242}},"branchMap":{"0":{"loc":{"start":{"line":10,"column":26},"end":{"line":10,"column":90}},"type":"binary-expr","locations":[{"start":{"line":10,"column":26},"end":{"line":10,"column":52}},{"start":{"line":10,"column":56},"end":{"line":10,"column":90}}],"line":10},"1":{"loc":{"start":{"line":12,"column":6},"end":{"line":14,"column":81}},"type":"binary-expr","locations":[{"start":{"line":12,"column":6},"end":{"line":12,"column":65}},{"start":{"line":13,"column":6},"end":{"line":13,"column":67}},{"start":{"line":14,"column":6},"end":{"line":14,"column":81}}],"line":12},"2":{"loc":{"start":{"line":16,"column":11},"end":{"line":16,"column":39}},"type":"binary-expr","locations":[{"start":{"line":16,"column":11},"end":{"line":16,"column":24}},{"start":{"line":16,"column":28},"end":{"line":16,"column":39}}],"line":16},"3":{"loc":{"start":{"line":37,"column":11},"end":{"line":86,"column":11}},"type":"binary-expr","locations":[{"start":{"line":37,"column":11},"end":{"line":37,"column":35}},{"start":{"line":38,"column":12},"end":{"line":85,"column":18}}],"line":37},"4":{"loc":{"start":{"line":185,"column":15},"end":{"line":195,"column":15}},"type":"binary-expr","locations":[{"start":{"line":185,"column":15},"end":{"line":185,"column":41}},{"start":{"line":186,"column":16},"end":{"line":194,"column":22}}],"line":185},"5":{"loc":{"start":{"line":244,"column":26},"end":{"line":246,"column":63}},"type":"cond-expr","locations":[{"start":{"line":245,"column":30},"end":{"line":245,"column":59}},{"start":{"line":246,"column":30},"end":{"line":246,"column":63}}],"line":244}},"s":{"0":0,"1":0,"2":0,"3":0,"4":0,"5":0,"6":0,"7":0,"8":0,"9":0,"10":0,"11":0,"12":0,"13":0,"14":0,"15":0,"16":0,"17":0,"18":0,"19":0,"20":0,"21":0,"22":0,"23":0},"f":{"0":0,"1":0,"2":0,"3":0,"4":0,"5":0,"6":0,"7":0,"8":0,"9":0,"10":0,"11":0,"12":0,"13":0,"14":0},"b":{"0":[0,0],"1":[0,0,0],"2":[0,0],"3":[0,0],"4":[0,0],"5":[0,0]}}
,"/Users/timhopkin/Documents/Software Development/Surrey Farming Cluster Website /src/pages/BlogDetail.tsx": {"path":"/Users/timhopkin/Documents/Software Development/Surrey Farming Cluster Website /src/pages/BlogDetail.tsx","statementMap":{"0":{"start":{"line":5,"column":29},"end":{"line":263,"column":1}},"1":{"start":{"line":6,"column":17},"end":{"line":6,"column":44}},"2":{"start":{"line":7,"column":15},"end":{"line":7,"column":47}},"3":{"start":{"line":7,"column":35},"end":{"line":7,"column":46}},"4":{"start":{"line":9,"column":2},"end":{"line":24,"column":3}},"5":{"start":{"line":10,"column":4},"end":{"line":23,"column":6}},"6":{"start":{"line":26,"column":23},"end":{"line":28,"column":16}},"7":{"start":{"line":27,"column":17},"end":{"line":27,"column":114}},"8":{"start":{"line":27,"column":89},"end":{"line":27,"column":112}},"9":{"start":{"line":30,"column":24},"end":{"line":73,"column":3}},"10":{"start":{"line":32,"column":23},"end":{"line":32,"column":44}},"11":{"start":{"line":34,"column":4},"end":{"line":72,"column":7}},"12":{"start":{"line":36,"column":6},"end":{"line":42,"column":7}},"13":{"start":{"line":37,"column":8},"end":{"line":41,"column":10}},"14":{"start":{"line":44,"column":6},"end":{"line":50,"column":7}},"15":{"start":{"line":45,"column":8},"end":{"line":49,"column":10}},"16":{"start":{"line":53,"column":6},"end":{"line":62,"column":7}},"17":{"start":{"line":54,"column":26},"end":{"line":54,"column":85}},"18":{"start":{"line":54,"column":63},"end":{"line":54,"column":84}},"19":{"start":{"line":55,"column":8},"end":{"line":61,"column":10}},"20":{"start":{"line":58,"column":14},"end":{"line":58,"column":63}},"21":{"start":{"line":65,"column":33},"end":{"line":67,"column":45}},"22":{"start":{"line":69,"column":6},"end":{"line":71,"column":8}},"23":{"start":{"line":75,"column":2},"end":{"line":262,"column":4}},"24":{"start":{"line":165,"column":18},"end":{"line":167,"column":25}},"25":{"start":{"line":212,"column":18},"end":{"line":234,"column":25}}},"fnMap":{"0":{"name":"(anonymous_0)","decl":{"start":{"line":5,"column":29},"end":{"line":5,"column":30}},"loc":{"start":{"line":5,"column":35},"end":{"line":263,"column":1}},"line":5},"1":{"name":"(anonymous_1)","decl":{"start":{"line":7,"column":30},"end":{"line":7,"column":31}},"loc":{"start":{"line":7,"column":35},"end":{"line":7,"column":46}},"line":7},"2":{"name":"(anonymous_2)","decl":{"start":{"line":27,"column":12},"end":{"line":27,"column":13}},"loc":{"start":{"line":27,"column":17},"end":{"line":27,"column":114}},"line":27},"3":{"name":"(anonymous_3)","decl":{"start":{"line":27,"column":82},"end":{"line":27,"column":83}},"loc":{"start":{"line":27,"column":89},"end":{"line":27,"column":112}},"line":27},"4":{"name":"(anonymous_4)","decl":{"start":{"line":30,"column":24},"end":{"line":30,"column":25}},"loc":{"start":{"line":30,"column":45},"end":{"line":73,"column":3}},"line":30},"5":{"name":"(anonymous_5)","decl":{"start":{"line":34,"column":26},"end":{"line":34,"column":27}},"loc":{"start":{"line":34,"column":48},"end":{"line":72,"column":5}},"line":34},"6":{"name":"(anonymous_6)","decl":{"start":{"line":54,"column":55},"end":{"line":54,"column":56}},"loc":{"start":{"line":54,"column":63},"end":{"line":54,"column":84}},"line":54},"7":{"name":"(anonymous_7)","decl":{"start":{"line":57,"column":27},"end":{"line":57,"column":28}},"loc":{"start":{"line":58,"column":14},"end":{"line":58,"column":63}},"line":58},"8":{"name":"(anonymous_8)","decl":{"start":{"line":164,"column":31},"end":{"line":164,"column":32}},"loc":{"start":{"line":165,"column":18},"end":{"line":167,"column":25}},"line":165},"9":{"name":"(anonymous_9)","decl":{"start":{"line":211,"column":34},"end":{"line":211,"column":35}},"loc":{"start":{"line":212,"column":18},"end":{"line":234,"column":25}},"line":212}},"branchMap":{"0":{"loc":{"start":{"line":9,"column":2},"end":{"line":24,"column":3}},"type":"if","locations":[{"start":{"line":9,"column":2},"end":{"line":24,"column":3}},{"start":{},"end":{}}],"line":9},"1":{"loc":{"start":{"line":27,"column":17},"end":{"line":27,"column":114}},"type":"binary-expr","locations":[{"start":{"line":27,"column":17},"end":{"line":27,"column":33}},{"start":{"line":27,"column":38},"end":{"line":27,"column":66}},{"start":{"line":27,"column":70},"end":{"line":27,"column":113}}],"line":27},"2":{"loc":{"start":{"line":36,"column":6},"end":{"line":42,"column":7}},"type":"if","locations":[{"start":{"line":36,"column":6},"end":{"line":42,"column":7}},{"start":{},"end":{}}],"line":36},"3":{"loc":{"start":{"line":44,"column":6},"end":{"line":50,"column":7}},"type":"if","locations":[{"start":{"line":44,"column":6},"end":{"line":50,"column":7}},{"start":{},"end":{}}],"line":44},"4":{"loc":{"start":{"line":44,"column":10},"end":{"line":44,"column":64}},"type":"binary-expr","locations":[{"start":{"line":44,"column":10},"end":{"line":44,"column":36}},{"start":{"line":44,"column":40},"end":{"line":44,"column":64}}],"line":44},"5":{"loc":{"start":{"line":53,"column":6},"end":{"line":62,"column":7}},"type":"if","locations":[{"start":{"line":53,"column":6},"end":{"line":62,"column":7}},{"start":{},"end":{}}],"line":53},"6":{"loc":{"start":{"line":207,"column":11},"end":{"line":238,"column":11}},"type":"binary-expr","locations":[{"start":{"line":207,"column":11},"end":{"line":207,"column":34}},{"start":{"line":208,"column":12},"end":{"line":237,"column":18}}],"line":207}},"s":{"0":0,"1":0,"2":0,"3":0,"4":0,"5":0,"6":0,"7":0,"8":0,"9":0,"10":0,"11":0,"12":0,"13":0,"14":0,"15":0,"16":0,"17":0,"18":0,"19":0,"20":0,"21":0,"22":0,"23":0,"24":0,"25":0},"f":{"0":0,"1":0,"2":0,"3":0,"4":0,"5":0,"6":0,"7":0,"8":0,"9":0},"b":{"0":[0,0],"1":[0,0,0],"2":[0,0],"3":[0,0],"4":[0,0],"5":[0,0],"6":[0,0]}}
,"/Users/timhopkin/Documents/Software Development/Surrey Farming Cluster Website /src/pages/FarmDetail.tsx": {"path":"/Users/timhopkin/Documents/Software Development/Surrey Farming Cluster Website /src/pages/FarmDetail.tsx","statementMap":{"0":{"start":{"line":5,"column":29},"end":{"line":231,"column":1}},"1":{"start":{"line":6,"column":17},"end":{"line":6,"column":44}},"2":{"start":{"line":7,"column":15},"end":{"line":7,"column":49}},"3":{"start":{"line":7,"column":37},"end":{"line":7,"column":48}},"4":{"start":{"line":9,"column":2},"end":{"line":24,"column":3}},"5":{"start":{"line":10,"column":4},"end":{"line":23,"column":6}},"6":{"start":{"line":26,"column":2},"end":{"line":230,"column":4}},"7":{"start":{"line":75,"column":22},"end":{"line":80,"column":28}},"8":{"start":{"line":189,"column":41},"end":{"line":189,"column":69}},"9":{"start":{"line":190,"column":26},"end":{"line":190,"column":132}}},"fnMap":{"0":{"name":"(anonymous_0)","decl":{"start":{"line":5,"column":29},"end":{"line":5,"column":30}},"loc":{"start":{"line":5,"column":35},"end":{"line":231,"column":1}},"line":5},"1":{"name":"(anonymous_1)","decl":{"start":{"line":7,"column":32},"end":{"line":7,"column":33}},"loc":{"start":{"line":7,"column":37},"end":{"line":7,"column":48}},"line":7},"2":{"name":"(anonymous_2)","decl":{"start":{"line":74,"column":39},"end":{"line":74,"column":40}},"loc":{"start":{"line":75,"column":22},"end":{"line":80,"column":28}},"line":75},"3":{"name":"(anonymous_3)","decl":{"start":{"line":188,"column":33},"end":{"line":188,"column":34}},"loc":{"start":{"line":188,"column":40},"end":{"line":191,"column":25}},"line":188}},"branchMap":{"0":{"loc":{"start":{"line":9,"column":2},"end":{"line":24,"column":3}},"type":"if","locations":[{"start":{"line":9,"column":2},"end":{"line":24,"column":3}},{"start":{},"end":{}}],"line":9},"1":{"loc":{"start":{"line":126,"column":21},"end":{"line":178,"column":21}},"type":"cond-expr","locations":[{"start":{"line":127,"column":22},"end":{"line":169,"column":28}},{"start":{"line":171,"column":22},"end":{"line":177,"column":26}}],"line":126},"2":{"loc":{"start":{"line":128,"column":25},"end":{"line":140,"column":25}},"type":"binary-expr","locations":[{"start":{"line":128,"column":25},"end":{"line":128,"column":43}},{"start":{"line":129,"column":26},"end":{"line":139,"column":32}}],"line":128},"3":{"loc":{"start":{"line":141,"column":25},"end":{"line":153,"column":25}},"type":"binary-expr","locations":[{"start":{"line":141,"column":25},"end":{"line":141,"column":43}},{"start":{"line":142,"column":26},"end":{"line":152,"column":32}}],"line":141},"4":{"loc":{"start":{"line":154,"column":25},"end":{"line":168,"column":25}},"type":"binary-expr","locations":[{"start":{"line":154,"column":25},"end":{"line":154,"column":45}},{"start":{"line":155,"column":26},"end":{"line":167,"column":32}}],"line":154}},"s":{"0":0,"1":0,"2":0,"3":0,"4":0,"5":0,"6":0,"7":0,"8":0,"9":0},"f":{"0":0,"1":0,"2":0,"3":0},"b":{"0":[0,0],"1":[0,0],"2":[0,0],"3":[0,0],"4":[0,0]}}
,"/Users/timhopkin/Documents/Software Development/Surrey Farming Cluster Website /src/pages/Farms.tsx": {"path":"/Users/timhopkin/Documents/Software Development/Surrey Farming Cluster Website /src/pages/Farms.tsx","statementMap":{"0":{"start":{"line":5,"column":24},"end":{"line":175,"column":1}},"1":{"start":{"line":6,"column":44},"end":{"line":6,"column":73}},"2":{"start":{"line":7,"column":42},"end":{"line":7,"column":65}},"3":{"start":{"line":8,"column":38},"end":{"line":8,"column":58}},"4":{"start":{"line":10,"column":20},"end":{"line":10,"column":87}},"5":{"start":{"line":10,"column":74},"end":{"line":10,"column":83}},"6":{"start":{"line":12,"column":29},"end":{"line":15,"column":3}},"7":{"start":{"line":13,"column":4},"end":{"line":13,"column":26}},"8":{"start":{"line":14,"column":4},"end":{"line":14,"column":34}},"9":{"start":{"line":17,"column":29},"end":{"line":20,"column":3}},"10":{"start":{"line":18,"column":4},"end":{"line":18,"column":24}},"11":{"start":{"line":19,"column":4},"end":{"line":19,"column":36}},"12":{"start":{"line":22,"column":22},"end":{"line":38,"column":3}},"13":{"start":{"line":23,"column":19},"end":{"line":23,"column":30}},"14":{"start":{"line":25,"column":4},"end":{"line":27,"column":5}},"15":{"start":{"line":26,"column":6},"end":{"line":26,"column":61}},"16":{"start":{"line":26,"column":41},"end":{"line":26,"column":59}},"17":{"start":{"line":29,"column":4},"end":{"line":35,"column":5}},"18":{"start":{"line":30,"column":6},"end":{"line":34,"column":8}},"19":{"start":{"line":31,"column":8},"end":{"line":33,"column":91}},"20":{"start":{"line":33,"column":38},"end":{"line":33,"column":90}},"21":{"start":{"line":37,"column":4},"end":{"line":37,"column":31}},"22":{"start":{"line":40,"column":2},"end":{"line":174,"column":4}},"23":{"start":{"line":64,"column":35},"end":{"line":64,"column":69}},"24":{"start":{"line":76,"column":35},"end":{"line":76,"column":69}},"25":{"start":{"line":80,"column":20},"end":{"line":82,"column":29}},"26":{"start":{"line":95,"column":14},"end":{"line":140,"column":20}},"27":{"start":{"line":115,"column":24},"end":{"line":120,"column":31}}},"fnMap":{"0":{"name":"(anonymous_0)","decl":{"start":{"line":5,"column":24},"end":{"line":5,"column":25}},"loc":{"start":{"line":5,"column":30},"end":{"line":175,"column":1}},"line":5},"1":{"name":"(anonymous_1)","decl":{"start":{"line":10,"column":66},"end":{"line":10,"column":67}},"loc":{"start":{"line":10,"column":74},"end":{"line":10,"column":83}},"line":10},"2":{"name":"(anonymous_2)","decl":{"start":{"line":12,"column":29},"end":{"line":12,"column":30}},"loc":{"start":{"line":12,"column":47},"end":{"line":15,"column":3}},"line":12},"3":{"name":"(anonymous_3)","decl":{"start":{"line":17,"column":29},"end":{"line":17,"column":30}},"loc":{"start":{"line":17,"column":47},"end":{"line":20,"column":3}},"line":17},"4":{"name":"(anonymous_4)","decl":{"start":{"line":22,"column":22},"end":{"line":22,"column":23}},"loc":{"start":{"line":22,"column":56},"end":{"line":38,"column":3}},"line":22},"5":{"name":"(anonymous_5)","decl":{"start":{"line":26,"column":33},"end":{"line":26,"column":34}},"loc":{"start":{"line":26,"column":41},"end":{"line":26,"column":59}},"line":26},"6":{"name":"(anonymous_6)","decl":{"start":{"line":30,"column":33},"end":{"line":30,"column":34}},"loc":{"start":{"line":31,"column":8},"end":{"line":33,"column":91}},"line":31},"7":{"name":"(anonymous_7)","decl":{"start":{"line":33,"column":27},"end":{"line":33,"column":28}},"loc":{"start":{"line":33,"column":38},"end":{"line":33,"column":90}},"line":33},"8":{"name":"(anonymous_8)","decl":{"start":{"line":64,"column":28},"end":{"line":64,"column":29}},"loc":{"start":{"line":64,"column":35},"end":{"line":64,"column":69}},"line":64},"9":{"name":"(anonymous_9)","decl":{"start":{"line":76,"column":28},"end":{"line":76,"column":29}},"loc":{"start":{"line":76,"column":35},"end":{"line":76,"column":69}},"line":76},"10":{"name":"(anonymous_10)","decl":{"start":{"line":79,"column":33},"end":{"line":79,"column":34}},"loc":{"start":{"line":80,"column":20},"end":{"line":82,"column":29}},"line":80},"11":{"name":"(anonymous_11)","decl":{"start":{"line":94,"column":31},"end":{"line":94,"column":32}},"loc":{"start":{"line":95,"column":14},"end":{"line":140,"column":20}},"line":95},"12":{"name":"(anonymous_12)","decl":{"start":{"line":114,"column":53},"end":{"line":114,"column":54}},"loc":{"start":{"line":115,"column":24},"end":{"line":120,"column":31}},"line":115}},"branchMap":{"0":{"loc":{"start":{"line":25,"column":4},"end":{"line":27,"column":5}},"type":"if","locations":[{"start":{"line":25,"column":4},"end":{"line":27,"column":5}},{"start":{},"end":{}}],"line":25},"1":{"loc":{"start":{"line":29,"column":4},"end":{"line":35,"column":5}},"type":"if","locations":[{"start":{"line":29,"column":4},"end":{"line":35,"column":5}},{"start":{},"end":{}}],"line":29},"2":{"loc":{"start":{"line":31,"column":8},"end":{"line":33,"column":91}},"type":"binary-expr","locations":[{"start":{"line":31,"column":8},"end":{"line":31,"column":62}},{"start":{"line":32,"column":8},"end":{"line":32,"column":69}},{"start":{"line":33,"column":8},"end":{"line":33,"column":91}}],"line":31},"3":{"loc":{"start":{"line":81,"column":23},"end":{"line":81,"column":58}},"type":"cond-expr","locations":[{"start":{"line":81,"column":40},"end":{"line":81,"column":51}},{"start":{"line":81,"column":54},"end":{"line":81,"column":58}}],"line":81},"4":{"loc":{"start":{"line":122,"column":23},"end":{"line":126,"column":23}},"type":"binary-expr","locations":[{"start":{"line":122,"column":23},"end":{"line":122,"column":47}},{"start":{"line":123,"column":24},"end":{"line":125,"column":31}}],"line":122},"5":{"loc":{"start":{"line":144,"column":11},"end":{"line":152,"column":11}},"type":"binary-expr","locations":[{"start":{"line":144,"column":11},"end":{"line":144,"column":37}},{"start":{"line":145,"column":12},"end":{"line":151,"column":18}}],"line":144}},"s":{"0":0,"1":0,"2":0,"3":0,"4":0,"5":0,"6":0,"7":0,"8":0,"9":0,"10":0,"11":0,"12":0,"13":0,"14":0,"15":0,"16":0,"17":0,"18":0,"19":0,"20":0,"21":0,"22":0,"23":0,"24":0,"25":0,"26":0,"27":0},"f":{"0":0,"1":0,"2":0,"3":0,"4":0,"5":0,"6":0,"7":0,"8":0,"9":0,"10":0,"11":0,"12":0},"b":{"0":[0,0],"1":[0,0],"2":[0,0,0],"3":[0,0],"4":[0,0],"5":[0,0]}}
,"/Users/timhopkin/Documents/Software Development/Surrey Farming Cluster Website /src/pages/Funding.tsx": {"path":"/Users/timhopkin/Documents/Software Development/Surrey Farming Cluster Website /src/pages/Funding.tsx","statementMap":{"0":{"start":{"line":4,"column":26},"end":{"line":244,"column":1}},"1":{"start":{"line":5,"column":50},"end":{"line":5,"column":73}},"2":{"start":{"line":6,"column":46},"end":{"line":6,"column":69}},"3":{"start":{"line":8,"column":21},"end":{"line":8,"column":99}},"4":{"start":{"line":8,"column":83},"end":{"line":8,"column":95}},"5":{"start":{"line":9,"column":19},"end":{"line":9,"column":59}},"6":{"start":{"line":11,"column":32},"end":{"line":15,"column":4}},"7":{"start":{"line":12,"column":26},"end":{"line":12,"column":89}},"8":{"start":{"line":13,"column":24},"end":{"line":13,"column":81}},"9":{"start":{"line":14,"column":4},"end":{"line":14,"column":40}},"10":{"start":{"line":17,"column":25},"end":{"line":28,"column":3}},"11":{"start":{"line":18,"column":4},"end":{"line":27,"column":5}},"12":{"start":{"line":20,"column":8},"end":{"line":20,"column":45}},"13":{"start":{"line":22,"column":8},"end":{"line":22,"column":43}},"14":{"start":{"line":24,"column":8},"end":{"line":24,"column":43}},"15":{"start":{"line":26,"column":8},"end":{"line":26,"column":43}},"16":{"start":{"line":30,"column":24},"end":{"line":41,"column":3}},"17":{"start":{"line":31,"column":4},"end":{"line":40,"column":5}},"18":{"start":{"line":33,"column":8},"end":{"line":33,"column":22}},"19":{"start":{"line":35,"column":8},"end":{"line":35,"column":29}},"20":{"start":{"line":37,"column":8},"end":{"line":37,"column":24}},"21":{"start":{"line":39,"column":8},"end":{"line":39,"column":22}},"22":{"start":{"line":43,"column":2},"end":{"line":243,"column":4}},"23":{"start":{"line":66,"column":35},"end":{"line":66,"column":70}},"24":{"start":{"line":70,"column":20},"end":{"line":72,"column":29}},"25":{"start":{"line":83,"column":35},"end":{"line":83,"column":68}},"26":{"start":{"line":87,"column":20},"end":{"line":89,"column":29}},"27":{"start":{"line":101,"column":14},"end":{"line":152,"column":20}},"28":{"start":{"line":134,"column":22},"end":{"line":137,"column":27}},"29":{"start":{"line":168,"column":16},"end":{"line":210,"column":22}},"30":{"start":{"line":202,"column":26},"end":{"line":205,"column":31}}},"fnMap":{"0":{"name":"(anonymous_0)","decl":{"start":{"line":4,"column":26},"end":{"line":4,"column":27}},"loc":{"start":{"line":4,"column":32},"end":{"line":244,"column":1}},"line":4},"1":{"name":"(anonymous_1)","decl":{"start":{"line":8,"column":76},"end":{"line":8,"column":77}},"loc":{"start":{"line":8,"column":83},"end":{"line":8,"column":95}},"line":8},"2":{"name":"(anonymous_2)","decl":{"start":{"line":11,"column":60},"end":{"line":11,"column":61}},"loc":{"start":{"line":11,"column":67},"end":{"line":15,"column":3}},"line":11},"3":{"name":"(anonymous_3)","decl":{"start":{"line":17,"column":25},"end":{"line":17,"column":26}},"loc":{"start":{"line":17,"column":45},"end":{"line":28,"column":3}},"line":17},"4":{"name":"(anonymous_4)","decl":{"start":{"line":30,"column":24},"end":{"line":30,"column":25}},"loc":{"start":{"line":30,"column":44},"end":{"line":41,"column":3}},"line":30},"5":{"name":"(anonymous_5)","decl":{"start":{"line":66,"column":28},"end":{"line":66,"column":29}},"loc":{"start":{"line":66,"column":35},"end":{"line":66,"column":70}},"line":66},"6":{"name":"(anonymous_6)","decl":{"start":{"line":69,"column":34},"end":{"line":69,"column":35}},"loc":{"start":{"line":70,"column":20},"end":{"line":72,"column":29}},"line":70},"7":{"name":"(anonymous_7)","decl":{"start":{"line":83,"column":28},"end":{"line":83,"column":29}},"loc":{"start":{"line":83,"column":35},"end":{"line":83,"column":68}},"line":83},"8":{"name":"(anonymous_8)","decl":{"start":{"line":86,"column":32},"end":{"line":86,"column":33}},"loc":{"start":{"line":87,"column":20},"end":{"line":89,"column":29}},"line":87},"9":{"name":"(anonymous_9)","decl":{"start":{"line":100,"column":39},"end":{"line":100,"column":40}},"loc":{"start":{"line":101,"column":14},"end":{"line":152,"column":20}},"line":101},"10":{"name":"(anonymous_10)","decl":{"start":{"line":133,"column":49},"end":{"line":133,"column":50}},"loc":{"start":{"line":134,"column":22},"end":{"line":137,"column":27}},"line":134},"11":{"name":"(anonymous_11)","decl":{"start":{"line":167,"column":34},"end":{"line":167,"column":35}},"loc":{"start":{"line":168,"column":16},"end":{"line":210,"column":22}},"line":168},"12":{"name":"(anonymous_12)","decl":{"start":{"line":201,"column":42},"end":{"line":201,"column":43}},"loc":{"start":{"line":202,"column":26},"end":{"line":205,"column":31}},"line":202}},"branchMap":{"0":{"loc":{"start":{"line":12,"column":26},"end":{"line":12,"column":89}},"type":"binary-expr","locations":[{"start":{"line":12,"column":26},"end":{"line":12,"column":52}},{"start":{"line":12,"column":56},"end":{"line":12,"column":89}}],"line":12},"1":{"loc":{"start":{"line":13,"column":24},"end":{"line":13,"column":81}},"type":"binary-expr","locations":[{"start":{"line":13,"column":24},"end":{"line":13,"column":48}},{"start":{"line":13,"column":52},"end":{"line":13,"column":81}}],"line":13},"2":{"loc":{"start":{"line":14,"column":11},"end":{"line":14,"column":39}},"type":"binary-expr","locations":[{"start":{"line":14,"column":11},"end":{"line":14,"column":24}},{"start":{"line":14,"column":28},"end":{"line":14,"column":39}}],"line":14},"3":{"loc":{"start":{"line":18,"column":4},"end":{"line":27,"column":5}},"type":"switch","locations":[{"start":{"line":19,"column":6},"end":{"line":20,"column":45}},{"start":{"line":21,"column":6},"end":{"line":22,"column":43}},{"start":{"line":23,"column":6},"end":{"line":24,"column":43}},{"start":{"line":25,"column":6},"end":{"line":26,"column":43}}],"line":18},"4":{"loc":{"start":{"line":31,"column":4},"end":{"line":40,"column":5}},"type":"switch","locations":[{"start":{"line":32,"column":6},"end":{"line":33,"column":22}},{"start":{"line":34,"column":6},"end":{"line":35,"column":29}},{"start":{"line":36,"column":6},"end":{"line":37,"column":24}},{"start":{"line":38,"column":6},"end":{"line":39,"column":22}}],"line":31},"5":{"loc":{"start":{"line":71,"column":23},"end":{"line":71,"column":71}},"type":"cond-expr","locations":[{"start":{"line":71,"column":44},"end":{"line":71,"column":60}},{"start":{"line":71,"column":63},"end":{"line":71,"column":71}}],"line":71},"6":{"loc":{"start":{"line":88,"column":23},"end":{"line":88,"column":80}},"type":"cond-expr","locations":[{"start":{"line":88,"column":42},"end":{"line":88,"column":56}},{"start":{"line":88,"column":59},"end":{"line":88,"column":80}}],"line":88},"7":{"loc":{"start":{"line":142,"column":17},"end":{"line":151,"column":17}},"type":"binary-expr","locations":[{"start":{"line":142,"column":17},"end":{"line":142,"column":33}},{"start":{"line":143,"column":18},"end":{"line":150,"column":22}}],"line":142},"8":{"loc":{"start":{"line":169,"column":19},"end":{"line":175,"column":19}},"type":"binary-expr","locations":[{"start":{"line":169,"column":19},"end":{"line":169,"column":30}},{"start":{"line":170,"column":20},"end":{"line":174,"column":22}}],"line":169}},"s":{"0":0,"1":0,"2":0,"3":0,"4":0,"5":0,"6":0,"7":0,"8":0,"9":0,"10":0,"11":0,"12":0,"13":0,"14":0,"15":0,"16":0,"17":0,"18":0,"19":0,"20":0,"21":0,"22":0,"23":0,"24":0,"25":0,"26":0,"27":0,"28":0,"29":0,"30":0},"f":{"0":0,"1":0,"2":0,"3":0,"4":0,"5":0,"6":0,"7":0,"8":0,"9":0,"10":0,"11":0,"12":0},"b":{"0":[0,0],"1":[0,0],"2":[0,0],"3":[0,0,0,0],"4":[0,0,0,0],"5":[0,0],"6":[0,0],"7":[0,0],"8":[0,0]}}
,"/Users/timhopkin/Documents/Software Development/Surrey Farming Cluster Website /src/pages/Home.tsx": {"path":"/Users/timhopkin/Documents/Software Development/Surrey Farming Cluster Website /src/pages/Home.tsx","statementMap":{"0":{"start":{"line":5,"column":23},"end":{"line":289,"column":1}},"1":{"start":{"line":6,"column":24},"end":{"line":6,"column":47}},"2":{"start":{"line":8,"column":2},"end":{"line":288,"column":4}},"3":{"start":{"line":102,"column":14},"end":{"line":123,"column":20}}},"fnMap":{"0":{"name":"(anonymous_0)","decl":{"start":{"line":5,"column":23},"end":{"line":5,"column":24}},"loc":{"start":{"line":5,"column":29},"end":{"line":289,"column":1}},"line":5},"1":{"name":"(anonymous_1)","decl":{"start":{"line":101,"column":31},"end":{"line":101,"column":32}},"loc":{"start":{"line":102,"column":14},"end":{"line":123,"column":20}},"line":102}},"branchMap":{},"s":{"0":0,"1":0,"2":0,"3":0},"f":{"0":0,"1":0},"b":{}}
,"/Users/timhopkin/Documents/Software Development/Surrey Farming Cluster Website /src/pages/Join.tsx": {"path":"/Users/timhopkin/Documents/Software Development/Surrey Farming Cluster Website /src/pages/Join.tsx","statementMap":{"0":{"start":{"line":3,"column":23},"end":{"line":382,"column":1}},"1":{"start":{"line":4,"column":34},"end":{"line":15,"column":4}},"2":{"start":{"line":17,"column":20},"end":{"line":26,"column":3}},"3":{"start":{"line":28,"column":24},"end":{"line":37,"column":3}},"4":{"start":{"line":39,"column":28},"end":{"line":45,"column":3}},"5":{"start":{"line":40,"column":28},"end":{"line":40,"column":36}},"6":{"start":{"line":41,"column":4},"end":{"line":44,"column":8}},"7":{"start":{"line":41,"column":25},"end":{"line":44,"column":5}},"8":{"start":{"line":47,"column":31},"end":{"line":54,"column":3}},"9":{"start":{"line":48,"column":4},"end":{"line":53,"column":8}},"10":{"start":{"line":48,"column":25},"end":{"line":53,"column":5}},"11":{"start":{"line":51,"column":37},"end":{"line":51,"column":51}},"12":{"start":{"line":56,"column":23},"end":{"line":60,"column":3}},"13":{"start":{"line":57,"column":4},"end":{"line":57,"column":23}},"14":{"start":{"line":58,"column":4},"end":{"line":58,"column":45}},"15":{"start":{"line":59,"column":4},"end":{"line":59,"column":68}},"16":{"start":{"line":62,"column":2},"end":{"line":381,"column":4}},"17":{"start":{"line":254,"column":22},"end":{"line":254,"column":69}},"18":{"start":{"line":296,"column":20},"end":{"line":304,"column":28}},"19":{"start":{"line":300,"column":40},"end":{"line":300,"column":70}}},"fnMap":{"0":{"name":"(anonymous_0)","decl":{"start":{"line":3,"column":23},"end":{"line":3,"column":24}},"loc":{"start":{"line":3,"column":29},"end":{"line":382,"column":1}},"line":3},"1":{"name":"(anonymous_1)","decl":{"start":{"line":39,"column":28},"end":{"line":39,"column":29}},"loc":{"start":{"line":39,"column":114},"end":{"line":45,"column":3}},"line":39},"2":{"name":"(anonymous_2)","decl":{"start":{"line":41,"column":16},"end":{"line":41,"column":17}},"loc":{"start":{"line":41,"column":25},"end":{"line":44,"column":5}},"line":41},"3":{"name":"(anonymous_3)","decl":{"start":{"line":47,"column":31},"end":{"line":47,"column":32}},"loc":{"start":{"line":47,"column":53},"end":{"line":54,"column":3}},"line":47},"4":{"name":"(anonymous_4)","decl":{"start":{"line":48,"column":16},"end":{"line":48,"column":17}},"loc":{"start":{"line":48,"column":25},"end":{"line":53,"column":5}},"line":48},"5":{"name":"(anonymous_5)","decl":{"start":{"line":51,"column":32},"end":{"line":51,"column":33}},"loc":{"start":{"line":51,"column":37},"end":{"line":51,"column":51}},"line":51},"6":{"name":"(anonymous_6)","decl":{"start":{"line":56,"column":23},"end":{"line":56,"column":24}},"loc":{"start":{"line":56,"column":47},"end":{"line":60,"column":3}},"line":56},"7":{"name":"(anonymous_7)","decl":{"start":{"line":253,"column":35},"end":{"line":253,"column":36}},"loc":{"start":{"line":254,"column":22},"end":{"line":254,"column":69}},"line":254},"8":{"name":"(anonymous_8)","decl":{"start":{"line":295,"column":37},"end":{"line":295,"column":38}},"loc":{"start":{"line":296,"column":20},"end":{"line":304,"column":28}},"line":296},"9":{"name":"(anonymous_9)","decl":{"start":{"line":300,"column":34},"end":{"line":300,"column":35}},"loc":{"start":{"line":300,"column":40},"end":{"line":300,"column":70}},"line":300}},"branchMap":{"0":{"loc":{"start":{"line":50,"column":17},"end":{"line":52,"column":39}},"type":"cond-expr","locations":[{"start":{"line":51,"column":10},"end":{"line":51,"column":52}},{"start":{"line":52,"column":10},"end":{"line":52,"column":39}}],"line":50}},"s":{"0":0,"1":0,"2":0,"3":0,"4":0,"5":0,"6":0,"7":0,"8":0,"9":0,"10":0,"11":0,"12":0,"13":0,"14":0,"15":0,"16":0,"17":0,"18":0,"19":0},"f":{"0":0,"1":0,"2":0,"3":0,"4":0,"5":0,"6":0,"7":0,"8":0,"9":0},"b":{"0":[0,0]}}
,"/Users/timhopkin/Documents/Software Development/Surrey Farming Cluster Website /src/pages/Map.tsx": {"path":"/Users/timhopkin/Documents/Software Development/Surrey Farming Cluster Website /src/pages/Map.tsx","statementMap":{"0":{"start":{"line":6,"column":22},"end":{"line":162,"column":1}},"1":{"start":{"line":7,"column":46},"end":{"line":7,"column":76}},"2":{"start":{"line":8,"column":38},"end":{"line":8,"column":61}},"3":{"start":{"line":10,"column":20},"end":{"line":10,"column":87}},"4":{"start":{"line":10,"column":74},"end":{"line":10,"column":83}},"5":{"start":{"line":11,"column":24},"end":{"line":13,"column":58}},"6":{"start":{"line":13,"column":33},"end":{"line":13,"column":57}},"7":{"start":{"line":15,"column":27},"end":{"line":17,"column":3}},"8":{"start":{"line":16,"column":4},"end":{"line":16,"column":30}},"9":{"start":{"line":19,"column":23},"end":{"line":19,"column":93}},"10":{"start":{"line":19,"column":62},"end":{"line":19,"column":85}},"11":{"start":{"line":21,"column":2},"end":{"line":161,"column":4}},"12":{"start":{"line":43,"column":35},"end":{"line":43,"column":64}},"13":{"start":{"line":47,"column":20},"end":{"line":49,"column":29}},"14":{"start":{"line":74,"column":20},"end":{"line":92,"column":26}},"15":{"start":{"line":81,"column":37},"end":{"line":81,"column":62}},"16":{"start":{"line":107,"column":26},"end":{"line":112,"column":33}}},"fnMap":{"0":{"name":"(anonymous_0)","decl":{"start":{"line":6,"column":22},"end":{"line":6,"column":23}},"loc":{"start":{"line":6,"column":28},"end":{"line":162,"column":1}},"line":6},"1":{"name":"(anonymous_1)","decl":{"start":{"line":10,"column":66},"end":{"line":10,"column":67}},"loc":{"start":{"line":10,"column":74},"end":{"line":10,"column":83}},"line":10},"2":{"name":"(anonymous_2)","decl":{"start":{"line":13,"column":25},"end":{"line":13,"column":26}},"loc":{"start":{"line":13,"column":33},"end":{"line":13,"column":57}},"line":13},"3":{"name":"(anonymous_3)","decl":{"start":{"line":15,"column":27},"end":{"line":15,"column":28}},"loc":{"start":{"line":15,"column":47},"end":{"line":17,"column":3}},"line":15},"4":{"name":"(anonymous_4)","decl":{"start":{"line":19,"column":57},"end":{"line":19,"column":58}},"loc":{"start":{"line":19,"column":62},"end":{"line":19,"column":85}},"line":19},"5":{"name":"(anonymous_5)","decl":{"start":{"line":43,"column":28},"end":{"line":43,"column":29}},"loc":{"start":{"line":43,"column":35},"end":{"line":43,"column":64}},"line":43},"6":{"name":"(anonymous_6)","decl":{"start":{"line":46,"column":33},"end":{"line":46,"column":34}},"loc":{"start":{"line":47,"column":20},"end":{"line":49,"column":29}},"line":47},"7":{"name":"(anonymous_7)","decl":{"start":{"line":73,"column":37},"end":{"line":73,"column":38}},"loc":{"start":{"line":74,"column":20},"end":{"line":92,"column":26}},"line":74},"8":{"name":"(anonymous_8)","decl":{"start":{"line":81,"column":31},"end":{"line":81,"column":32}},"loc":{"start":{"line":81,"column":37},"end":{"line":81,"column":62}},"line":81},"9":{"name":"(anonymous_9)","decl":{"start":{"line":106,"column":63},"end":{"line":106,"column":64}},"loc":{"start":{"line":107,"column":26},"end":{"line":112,"column":33}},"line":107}},"branchMap":{"0":{"loc":{"start":{"line":11,"column":24},"end":{"line":13,"column":58}},"type":"cond-expr","locations":[{"start":{"line":12,"column":6},"end":{"line":12,"column":17}},{"start":{"line":13,"column":6},"end":{"line":13,"column":58}}],"line":11},"1":{"loc":{"start":{"line":19,"column":23},"end":{"line":19,"column":93}},"type":"cond-expr","locations":[{"start":{"line":19,"column":40},"end":{"line":19,"column":86}},{"start":{"line":19,"column":89},"end":{"line":19,"column":93}}],"line":19},"2":{"loc":{"start":{"line":48,"column":23},"end":{"line":48,"column":58}},"type":"cond-expr","locations":[{"start":{"line":48,"column":40},"end":{"line":48,"column":51}},{"start":{"line":48,"column":54},"end":{"line":48,"column":58}}],"line":48},"3":{"loc":{"start":{"line":77,"column":24},"end":{"line":79,"column":89}},"type":"cond-expr","locations":[{"start":{"line":78,"column":28},"end":{"line":78,"column":62}},{"start":{"line":79,"column":28},"end":{"line":79,"column":89}}],"line":77},"4":{"loc":{"start":{"line":97,"column":15},"end":{"line":129,"column":15}},"type":"binary-expr","locations":[{"start":{"line":97,"column":15},"end":{"line":97,"column":27}},{"start":{"line":98,"column":16},"end":{"line":128,"column":22}}],"line":97},"5":{"loc":{"start":{"line":114,"column":25},"end":{"line":118,"column":25}},"type":"binary-expr","locations":[{"start":{"line":114,"column":25},"end":{"line":114,"column":57}},{"start":{"line":115,"column":26},"end":{"line":117,"column":33}}],"line":114}},"s":{"0":0,"1":0,"2":0,"3":0,"4":0,"5":0,"6":0,"7":0,"8":0,"9":0,"10":0,"11":0,"12":0,"13":0,"14":0,"15":0,"16":0},"f":{"0":0,"1":0,"2":0,"3":0,"4":0,"5":0,"6":0,"7":0,"8":0,"9":0},"b":{"0":[0,0],"1":[0,0],"2":[0,0],"3":[0,0],"4":[0,0],"5":[0,0]}}
,"/Users/timhopkin/Documents/Software Development/Surrey Farming Cluster Website /src/pages/News.tsx": {"path":"/Users/timhopkin/Documents/Software Development/Surrey Farming Cluster Website /src/pages/News.tsx","statementMap":{"0":{"start":{"line":5,"column":23},"end":{"line":236,"column":1}},"1":{"start":{"line":6,"column":50},"end":{"line":6,"column":73}},"2":{"start":{"line":8,"column":21},"end":{"line":8,"column":99}},"3":{"start":{"line":8,"column":79},"end":{"line":8,"column":95}},"4":{"start":{"line":9,"column":27},"end":{"line":9,"column":75}},"5":{"start":{"line":9,"column":58},"end":{"line":9,"column":74}},"6":{"start":{"line":10,"column":27},"end":{"line":12,"column":75}},"7":{"start":{"line":12,"column":37},"end":{"line":12,"column":74}},"8":{"start":{"line":14,"column":21},"end":{"line":20,"column":3}},"9":{"start":{"line":15,"column":4},"end":{"line":19,"column":7}},"10":{"start":{"line":22,"column":26},"end":{"line":29,"column":3}},"11":{"start":{"line":23,"column":4},"end":{"line":28,"column":7}},"12":{"start":{"line":31,"column":2},"end":{"line":235,"column":4}},"13":{"start":{"line":50,"column":18},"end":{"line":79,"column":24}},"14":{"start":{"line":97,"column":35},"end":{"line":97,"column":70}},"15":{"start":{"line":101,"column":20},"end":{"line":103,"column":29}},"16":{"start":{"line":111,"column":16},"end":{"line":140,"column":22}},"17":{"start":{"line":149,"column":16},"end":{"line":206,"column":22}}},"fnMap":{"0":{"name":"(anonymous_0)","decl":{"start":{"line":5,"column":23},"end":{"line":5,"column":24}},"loc":{"start":{"line":5,"column":29},"end":{"line":236,"column":1}},"line":5},"1":{"name":"(anonymous_1)","decl":{"start":{"line":8,"column":68},"end":{"line":8,"column":69}},"loc":{"start":{"line":8,"column":79},"end":{"line":8,"column":95}},"line":8},"2":{"name":"(anonymous_2)","decl":{"start":{"line":9,"column":47},"end":{"line":9,"column":48}},"loc":{"start":{"line":9,"column":58},"end":{"line":9,"column":74}},"line":9},"3":{"name":"(anonymous_3)","decl":{"start":{"line":12,"column":26},"end":{"line":12,"column":27}},"loc":{"start":{"line":12,"column":37},"end":{"line":12,"column":74}},"line":12},"4":{"name":"(anonymous_4)","decl":{"start":{"line":14,"column":21},"end":{"line":14,"column":22}},"loc":{"start":{"line":14,"column":45},"end":{"line":20,"column":3}},"line":14},"5":{"name":"(anonymous_5)","decl":{"start":{"line":22,"column":26},"end":{"line":22,"column":27}},"loc":{"start":{"line":22,"column":50},"end":{"line":29,"column":3}},"line":22},"6":{"name":"(anonymous_6)","decl":{"start":{"line":49,"column":38},"end":{"line":49,"column":39}},"loc":{"start":{"line":50,"column":18},"end":{"line":79,"column":24}},"line":50},"7":{"name":"(anonymous_7)","decl":{"start":{"line":97,"column":28},"end":{"line":97,"column":29}},"loc":{"start":{"line":97,"column":35},"end":{"line":97,"column":70}},"line":97},"8":{"name":"(anonymous_8)","decl":{"start":{"line":100,"column":34},"end":{"line":100,"column":35}},"loc":{"start":{"line":101,"column":20},"end":{"line":103,"column":29}},"line":101},"9":{"name":"(anonymous_9)","decl":{"start":{"line":110,"column":36},"end":{"line":110,"column":37}},"loc":{"start":{"line":111,"column":16},"end":{"line":140,"column":22}},"line":111},"10":{"name":"(anonymous_10)","decl":{"start":{"line":148,"column":34},"end":{"line":148,"column":35}},"loc":{"start":{"line":149,"column":16},"end":{"line":206,"column":22}},"line":149}},"branchMap":{"0":{"loc":{"start":{"line":10,"column":27},"end":{"line":12,"column":75}},"type":"cond-expr","locations":[{"start":{"line":11,"column":6},"end":{"line":11,"column":18}},{"start":{"line":12,"column":6},"end":{"line":12,"column":75}}],"line":10},"1":{"loc":{"start":{"line":45,"column":11},"end":{"line":83,"column":11}},"type":"binary-expr","locations":[{"start":{"line":45,"column":11},"end":{"line":45,"column":38}},{"start":{"line":46,"column":12},"end":{"line":82,"column":22}}],"line":45},"2":{"loc":{"start":{"line":51,"column":21},"end":{"line":57,"column":21}},"type":"binary-expr","locations":[{"start":{"line":51,"column":21},"end":{"line":51,"column":34}},{"start":{"line":52,"column":22},"end":{"line":56,"column":24}}],"line":51},"3":{"loc":{"start":{"line":102,"column":23},"end":{"line":102,"column":71}},"type":"cond-expr","locations":[{"start":{"line":102,"column":44},"end":{"line":102,"column":60}},{"start":{"line":102,"column":63},"end":{"line":102,"column":71}}],"line":102},"4":{"loc":{"start":{"line":112,"column":19},"end":{"line":118,"column":19}},"type":"binary-expr","locations":[{"start":{"line":112,"column":19},"end":{"line":112,"column":32}},{"start":{"line":113,"column":20},"end":{"line":117,"column":22}}],"line":112},"5":{"loc":{"start":{"line":198,"column":19},"end":{"line":205,"column":19}},"type":"binary-expr","locations":[{"start":{"line":198,"column":19},"end":{"line":198,"column":41}},{"start":{"line":199,"column":20},"end":{"line":204,"column":27}}],"line":198}},"s":{"0":0,"1":0,"2":0,"3":0,"4":0,"5":0,"6":0,"7":0,"8":0,"9":0,"10":0,"11":0,"12":0,"13":0,"14":0,"15":0,"16":0,"17":0},"f":{"0":0,"1":0,"2":0,"3":0,"4":0,"5":0,"6":0,"7":0,"8":0,"9":0,"10":0},"b":{"0":[0,0],"1":[0,0],"2":[0,0],"3":[0,0],"4":[0,0],"5":[0,0]}}
,"/Users/timhopkin/Documents/Software Development/Surrey Farming Cluster Website /src/pages/NewsDetail.tsx": {"path":"/Users/timhopkin/Documents/Software Development/Surrey Farming Cluster Website /src/pages/NewsDetail.tsx","statementMap":{"0":{"start":{"line":5,"column":29},"end":{"line":239,"column":1}},"1":{"start":{"line":6,"column":17},"end":{"line":6,"column":44}},"2":{"start":{"line":7,"column":18},"end":{"line":7,"column":53}},"3":{"start":{"line":7,"column":41},"end":{"line":7,"column":52}},"4":{"start":{"line":9,"column":2},"end":{"line":24,"column":3}},"5":{"start":{"line":10,"column":4},"end":{"line":23,"column":6}},"6":{"start":{"line":26,"column":26},"end":{"line":28,"column":16}},"7":{"start":{"line":27,"column":17},"end":{"line":27,"column":71}},"8":{"start":{"line":30,"column":24},"end":{"line":69,"column":3}},"9":{"start":{"line":31,"column":23},"end":{"line":31,"column":44}},"10":{"start":{"line":33,"column":4},"end":{"line":68,"column":7}},"11":{"start":{"line":34,"column":6},"end":{"line":40,"column":7}},"12":{"start":{"line":35,"column":8},"end":{"line":39,"column":10}},"13":{"start":{"line":42,"column":6},"end":{"line":48,"column":7}},"14":{"start":{"line":43,"column":8},"end":{"line":47,"column":10}},"15":{"start":{"line":50,"column":6},"end":{"line":59,"column":7}},"16":{"start":{"line":51,"column":26},"end":{"line":51,"column":85}},"17":{"start":{"line":51,"column":63},"end":{"line":51,"column":84}},"18":{"start":{"line":52,"column":8},"end":{"line":58,"column":10}},"19":{"start":{"line":55,"column":14},"end":{"line":55,"column":63}},"20":{"start":{"line":61,"column":33},"end":{"line":63,"column":45}},"21":{"start":{"line":65,"column":6},"end":{"line":67,"column":8}},"22":{"start":{"line":71,"column":2},"end":{"line":238,"column":4}},"23":{"start":{"line":186,"column":18},"end":{"line":210,"column":25}}},"fnMap":{"0":{"name":"(anonymous_0)","decl":{"start":{"line":5,"column":29},"end":{"line":5,"column":30}},"loc":{"start":{"line":5,"column":35},"end":{"line":239,"column":1}},"line":5},"1":{"name":"(anonymous_1)","decl":{"start":{"line":7,"column":36},"end":{"line":7,"column":37}},"loc":{"start":{"line":7,"column":41},"end":{"line":7,"column":52}},"line":7},"2":{"name":"(anonymous_2)","decl":{"start":{"line":27,"column":12},"end":{"line":27,"column":13}},"loc":{"start":{"line":27,"column":17},"end":{"line":27,"column":71}},"line":27},"3":{"name":"(anonymous_3)","decl":{"start":{"line":30,"column":24},"end":{"line":30,"column":25}},"loc":{"start":{"line":30,"column":45},"end":{"line":69,"column":3}},"line":30},"4":{"name":"(anonymous_4)","decl":{"start":{"line":33,"column":26},"end":{"line":33,"column":27}},"loc":{"start":{"line":33,"column":48},"end":{"line":68,"column":5}},"line":33},"5":{"name":"(anonymous_5)","decl":{"start":{"line":51,"column":55},"end":{"line":51,"column":56}},"loc":{"start":{"line":51,"column":63},"end":{"line":51,"column":84}},"line":51},"6":{"name":"(anonymous_6)","decl":{"start":{"line":54,"column":27},"end":{"line":54,"column":28}},"loc":{"start":{"line":55,"column":14},"end":{"line":55,"column":63}},"line":55},"7":{"name":"(anonymous_7)","decl":{"start":{"line":185,"column":37},"end":{"line":185,"column":38}},"loc":{"start":{"line":186,"column":18},"end":{"line":210,"column":25}},"line":186}},"branchMap":{"0":{"loc":{"start":{"line":9,"column":2},"end":{"line":24,"column":3}},"type":"if","locations":[{"start":{"line":9,"column":2},"end":{"line":24,"column":3}},{"start":{},"end":{}}],"line":9},"1":{"loc":{"start":{"line":27,"column":17},"end":{"line":27,"column":71}},"type":"binary-expr","locations":[{"start":{"line":27,"column":17},"end":{"line":27,"column":36}},{"start":{"line":27,"column":40},"end":{"line":27,"column":71}}],"line":27},"2":{"loc":{"start":{"line":34,"column":6},"end":{"line":40,"column":7}},"type":"if","locations":[{"start":{"line":34,"column":6},"end":{"line":40,"column":7}},{"start":{},"end":{}}],"line":34},"3":{"loc":{"start":{"line":42,"column":6},"end":{"line":48,"column":7}},"type":"if","locations":[{"start":{"line":42,"column":6},"end":{"line":48,"column":7}},{"start":{},"end":{}}],"line":42},"4":{"loc":{"start":{"line":42,"column":10},"end":{"line":42,"column":64}},"type":"binary-expr","locations":[{"start":{"line":42,"column":10},"end":{"line":42,"column":36}},{"start":{"line":42,"column":40},"end":{"line":42,"column":64}}],"line":42},"5":{"loc":{"start":{"line":50,"column":6},"end":{"line":59,"column":7}},"type":"if","locations":[{"start":{"line":50,"column":6},"end":{"line":59,"column":7}},{"start":{},"end":{}}],"line":50},"6":{"loc":{"start":{"line":181,"column":11},"end":{"line":214,"column":11}},"type":"binary-expr","locations":[{"start":{"line":181,"column":11},"end":{"line":181,"column":37}},{"start":{"line":182,"column":12},"end":{"line":213,"column":18}}],"line":181}},"s":{"0":0,"1":0,"2":0,"3":0,"4":0,"5":0,"6":0,"7":0,"8":0,"9":0,"10":0,"11":0,"12":0,"13":0,"14":0,"15":0,"16":0,"17":0,"18":0,"19":0,"20":0,"21":0,"22":0,"23":0},"f":{"0":0,"1":0,"2":0,"3":0,"4":0,"5":0,"6":0,"7":0},"b":{"0":[0,0],"1":[0,0],"2":[0,0],"3":[0,0],"4":[0,0],"5":[0,0],"6":[0,0]}}
}
